<?xml version="1.0" encoding="UTF-8"?>
<!-- Generated by org.testng.reporters.JUnitReportReporter -->
<testsuite hostname="JB" failures="0" tests="2" name="QAMainTest" time="1.733" errors="0" timestamp="2022-01-21T16:53:43 EST" skipped="0">
  <testcase classname="QAMainTest" name="testRowContentAndNumber" time="0.344"/>
  <system-out/>
  <testcase classname="QAMainTest" name="testHeaderOrderAndNumber" time="1.389"/>
  <system-out/>
</testsuite> <!-- QAMainTest -->
