<?xml version="1.0" encoding="UTF-8"?>
<!-- Generated by org.testng.reporters.JUnitReportReporter -->
<testsuite hostname="JB" failures="0" tests="4" name="QAUnitTest" time="1.410" errors="0" timestamp="2022-01-21T16:54:29 EST" skipped="0">
  <testcase classname="QAUnitTest" name="testGetRow" time="0.078"/>
  <system-out/>
  <testcase classname="QAUnitTest" name="testGetRows" time="0.049"/>
  <system-out/>
  <testcase classname="QAUnitTest" name="testGetHeaders" time="1.062"/>
  <system-out/>
  <testcase classname="QAUnitTest" name="testGetHeadersRow" time="0.221"/>
  <system-out/>
</testsuite> <!-- QAUnitTest -->
