<?xml version="1.0" encoding="UTF-8"?>
<!-- Generated by org.testng.reporters.JUnitReportReporter -->
<testsuite hostname="JB" failures="0" tests="2" name="QATest" time="1.636" errors="0" timestamp="2022-01-20T15:42:01 EST" skipped="0">
  <testcase classname="QATest" name="compareContentAndRows" time="1.294"/>
  <system-out/>
  <testcase classname="QATest" name="compareHeaderOrderAndColumnNumber" time="0.342"/>
  <system-out/>
</testsuite> <!-- QATest -->
