<?xml version="1.0" encoding="UTF-8"?>
<!-- Generated by org.testng.reporters.JUnitReportReporter -->
<testsuite hostname="JB" failures="0" tests="4" name="QA" time="1.632" errors="0" timestamp="2022-01-19T17:13:03 EST" skipped="0">
  <testcase classname="QA" name="compareDataRowNumber" time="1.174"/>
  <system-out/>
  <testcase classname="QA" name="compareHeaderNumber" time="0.210"/>
  <system-out/>
  <testcase classname="QA" name="compareHeaderOrderAndContent" time="0.180"/>
  <system-out/>
  <testcase classname="QA" name="compareContent" time="0.068"/>
  <system-out/>
</testsuite> <!-- QA -->
