<?xml version="1.0" encoding="UTF-8"?>
<!-- Generated by org.testng.reporters.JUnitReportReporter -->
<testsuite hostname="JB" failures="0" tests="4" name="QATest" time="1.649" errors="0" timestamp="2022-01-21T16:22:40 EST" skipped="0">
  <testcase classname="QATest" name="testGetRow" time="0.095"/>
  <system-out/>
  <testcase classname="QATest" name="testGetRows" time="0.060"/>
  <system-out/>
  <testcase classname="QATest" name="testGetHeaders" time="1.202"/>
  <system-out/>
  <testcase classname="QATest" name="testGetHeadersRow" time="0.292"/>
  <system-out/>
</testsuite> <!-- QATest -->
