<?xml version="1.0" encoding="UTF-8"?>
<!-- Generated by org.testng.reporters.JUnitReportReporter -->
<testsuite hostname="JB" failures="0" tests="4" name="QA" time="2.032" errors="0" timestamp="2022-01-20T15:05:56 EST" skipped="0">
  <testcase classname="QA" name="compareHeaderNumber" time="0.222"/>
  <system-out/>
  <testcase classname="QA" name="compareDataRowNumber" time="1.403"/>
  <system-out/>
  <testcase classname="QA" name="compareHeaderOrderAndContent" time="0.335"/>
  <system-out/>
  <testcase classname="QA" name="compareContent" time="0.072"/>
  <system-out/>
</testsuite> <!-- QA -->
